{
  "stats": {
    "suites": 1,
    "tests": 3,
    "passes": 2,
    "pending": 0,
    "failures": 1,
    "start": "2024-03-26T15:12:58.272Z",
    "end": "2024-03-26T15:13:04.169Z",
    "duration": 5897,
    "testsRegistered": 3,
    "passPercent": 66.66666666666666,
    "pendingPercent": 0,
    "other": 0,
    "hasOther": false,
    "skipped": 0,
    "hasSkipped": false
  },
  "results": [
    {
      "uuid": "7a58dff6-7f4b-4d6c-82a4-ca9ef101c1eb",
      "title": "",
      "fullFile": "cypress/e2e/conduitApp/login.cy.js",
      "file": "cypress/e2e/conduitApp/login.cy.js",
      "beforeHooks": [],
      "afterHooks": [],
      "tests": [],
      "suites": [
        {
          "uuid": "0bb5b8ab-1335-46cc-bba6-968ca1c87234",
          "title": "Login Feature",
          "fullFile": "",
          "file": "",
          "beforeHooks": [],
          "afterHooks": [],
          "tests": [
            {
              "title": "Login test with correct credentials",
              "fullTitle": "Login Feature Login test with correct credentials",
              "timedOut": null,
              "duration": 2733,
              "state": "passed",
              "speed": "fast",
              "pass": true,
              "fail": false,
              "pending": false,
              "context": null,
              "code": "var useremail = this.users.validUseremail;\nvar userpassword = this.users.validPassword;\nloginpage.loginToApplication(useremail, userpassword);\nhomepage.verifyYourFeedExistsAndIsVisible();\nhomepage.verifyNewArticleTextIsVisibleAndExists();",
              "err": {},
              "uuid": "7550106d-7b71-4097-8771-327ba90085f1",
              "parentUUID": "0bb5b8ab-1335-46cc-bba6-968ca1c87234",
              "isHook": false,
              "skipped": false
            },
            {
              "title": "Login test with incorrect credentials",
              "fullTitle": "Login Feature Login test with incorrect credentials",
              "timedOut": null,
              "duration": 1586,
              "state": "failed",
              "speed": null,
              "pass": false,
              "fail": true,
              "pending": false,
              "context": null,
              "code": "var useremail = this.users.invalidUseremail;\nvar userpassword = this.users.invalidUserpassword;\nloginpage.loginToApplication(useremail, userpassword);",
              "err": {
                "message": "CypressError: `cy.type()` can only accept a string or number. You passed in: `undefined`\n\nhttps://on.cypress.io/type",
                "estack": "CypressError: `cy.type()` can only accept a string or number. You passed in: `undefined`\n\nhttps://on.cypress.io/type\n    at Context.type (http://localhost:3000/__cypress/runner/cypress_runner.js:114411:68)\n    at wrapped (http://localhost:3000/__cypress/runner/cypress_runner.js:138387:19)\nFrom Your Spec Code:\n    at Loginpage.loginToApplication (webpack://sample-cypress-project2/./cypress/pages/loginpage.js:14:35)\n    at Context.eval (webpack://sample-cypress-project2/./cypress/e2e/conduitApp/login.cy.js:63:18)",
                "diff": null
              },
              "uuid": "7e1df289-d215-422c-9fd8-cca1186f9c29",
              "parentUUID": "0bb5b8ab-1335-46cc-bba6-968ca1c87234",
              "isHook": false,
              "skipped": false
            },
            {
              "title": "Login test with empty credentials",
              "fullTitle": "Login Feature Login test with empty credentials",
              "timedOut": null,
              "duration": 1245,
              "state": "passed",
              "speed": "fast",
              "pass": true,
              "fail": false,
              "pending": false,
              "context": null,
              "code": "",
              "err": {},
              "uuid": "dd11e9d5-2948-4a8d-b9c5-d30538fc7bd9",
              "parentUUID": "0bb5b8ab-1335-46cc-bba6-968ca1c87234",
              "isHook": false,
              "skipped": false
            }
          ],
          "suites": [],
          "passes": [
            "7550106d-7b71-4097-8771-327ba90085f1",
            "dd11e9d5-2948-4a8d-b9c5-d30538fc7bd9"
          ],
          "failures": [
            "7e1df289-d215-422c-9fd8-cca1186f9c29"
          ],
          "pending": [],
          "skipped": [],
          "duration": 5564,
          "root": false,
          "rootEmpty": false,
          "_timeout": 2000
        }
      ],
      "passes": [],
      "failures": [],
      "pending": [],
      "skipped": [],
      "duration": 0,
      "root": true,
      "rootEmpty": true,
      "_timeout": 2000
    }
  ],
  "meta": {
    "mocha": {
      "version": "7.0.1"
    },
    "mochawesome": {
      "options": {
        "quiet": false,
        "reportFilename": "mochawesome",
        "saveHtml": true,
        "saveJson": true,
        "consoleReporter": "spec",
        "useInlineDiffs": false,
        "code": true
      },
      "version": "7.1.3"
    },
    "marge": {
      "options": {
        "reportDir": "cypress/results",
        "overwrite": false,
        "html": true,
        "json": true
      },
      "version": "6.2.0"
    }
  }
}