{
  "stats": {
    "suites": 1,
    "tests": 3,
    "passes": 2,
    "pending": 0,
    "failures": 1,
    "start": "2024-03-26T15:13:06.435Z",
    "end": "2024-03-26T15:13:06.954Z",
    "duration": 519,
    "testsRegistered": 3,
    "passPercent": 66.66666666666666,
    "pendingPercent": 0,
    "other": 0,
    "hasOther": false,
    "skipped": 0,
    "hasSkipped": false
  },
  "results": [
    {
      "uuid": "b4f3459a-c4cd-452b-b56d-d899b5c9d965",
      "title": "",
      "fullFile": "cypress/e2e/conduitApiTests/conduitApp.cy.js",
      "file": "cypress/e2e/conduitApiTests/conduitApp.cy.js",
      "beforeHooks": [],
      "afterHooks": [],
      "tests": [],
      "suites": [
        {
          "uuid": "1a0d9aad-7466-4320-9b60-148b225765c0",
          "title": "API Testing",
          "fullFile": "",
          "file": "",
          "beforeHooks": [],
          "afterHooks": [],
          "tests": [
            {
              "title": "Get Tags",
              "fullTitle": "API Testing Get Tags",
              "timedOut": null,
              "duration": 68,
              "state": "passed",
              "speed": "fast",
              "pass": true,
              "fail": false,
              "pending": false,
              "context": null,
              "code": "cy.request({\n  method: 'GET',\n  url: '/api/tags'\n}).then(function (response) {\n  expect(response.status).to.equal(200);\n  expect(response.body.tags).to.contain(\"Cypress\");\n  cy.log((0, _querystring.stringify)(response));\n});",
              "err": {},
              "uuid": "94c0c514-d073-4ff9-94cf-15e3b9d2f71e",
              "parentUUID": "1a0d9aad-7466-4320-9b60-148b225765c0",
              "isHook": false,
              "skipped": false
            },
            {
              "title": "Login to the application",
              "fullTitle": "API Testing Login to the application",
              "timedOut": null,
              "duration": 242,
              "state": "failed",
              "speed": null,
              "pass": false,
              "fail": true,
              "pending": false,
              "context": null,
              "code": "_loginapi.loginApi.loginToApplication(this.users.validUseremail, this.users.validUserpassword).then(function (response) {\n  expect(response.status).to.equal(200);\n});",
              "err": {
                "message": "CypressError: `cy.request()` failed on:\n\nhttp://localhost:3000/api/users/login\n\nThe response we received from your web server was:\n\n  > 422: Unprocessable Entity\n\nThis was considered a failure because the status code was not `2xx` or `3xx`.\n\nIf you do not want status codes to cause failures pass the option: `failOnStatusCode: false`\n\n-----------------------------------------------------------\n\nThe request we sent was:\n\nMethod: POST\nURL: http://localhost:3000/api/users/login\nHeaders: {\n  \"Connection\": \"keep-alive\",\n  \"Content-Type\": \"application/json\",\n  \"user-agent\": \"Mozilla/5.0 (X11; Linux x86_64) AppleWebKit/537.36 (KHTML, like Gecko) Cypress/13.7.1 Chrome/118.0.5993.159 Electron/27.1.3 Safari/537.36\",\n  \"accept\": \"*/*\",\n  \"accept-encoding\": \"gzip, deflate\",\n  \"content-length\": 37\n}\nBody: {\"user\":{\"email\":\"saurabh@fake.com\"}}\n\n-----------------------------------------------------------\n\nThe response we got was:\n\nStatus: 422 - Unprocessable Entity\nHeaders: {\n  \"x-powered-by\": \"Express\",\n  \"access-control-allow-origin\": \"*\",\n  \"vary\": \"X-HTTP-Method-Override\",\n  \"content-type\": \"application/json; charset=utf-8\",\n  \"content-length\": \"40\",\n  \"etag\": \"W/\\\"28-IxxtcxFresDEw9ZTVEiPBQ\\\"\",\n  \"date\": \"Tue, 26 Mar 2024 15:13:06 GMT\",\n  \"connection\": \"keep-alive\",\n  \"keep-alive\": \"timeout=5\"\n}\nBody: {\n  \"errors\": {\n    \"password\": \"can't be blank\"\n  }\n}\n\n\nhttps://on.cypress.io/request",
                "estack": "CypressError: `cy.request()` failed on:\n\nhttp://localhost:3000/api/users/login\n\nThe response we received from your web server was:\n\n  > 422: Unprocessable Entity\n\nThis was considered a failure because the status code was not `2xx` or `3xx`.\n\nIf you do not want status codes to cause failures pass the option: `failOnStatusCode: false`\n\n-----------------------------------------------------------\n\nThe request we sent was:\n\nMethod: POST\nURL: http://localhost:3000/api/users/login\nHeaders: {\n  \"Connection\": \"keep-alive\",\n  \"Content-Type\": \"application/json\",\n  \"user-agent\": \"Mozilla/5.0 (X11; Linux x86_64) AppleWebKit/537.36 (KHTML, like Gecko) Cypress/13.7.1 Chrome/118.0.5993.159 Electron/27.1.3 Safari/537.36\",\n  \"accept\": \"*/*\",\n  \"accept-encoding\": \"gzip, deflate\",\n  \"content-length\": 37\n}\nBody: {\"user\":{\"email\":\"saurabh@fake.com\"}}\n\n-----------------------------------------------------------\n\nThe response we got was:\n\nStatus: 422 - Unprocessable Entity\nHeaders: {\n  \"x-powered-by\": \"Express\",\n  \"access-control-allow-origin\": \"*\",\n  \"vary\": \"X-HTTP-Method-Override\",\n  \"content-type\": \"application/json; charset=utf-8\",\n  \"content-length\": \"40\",\n  \"etag\": \"W/\\\"28-IxxtcxFresDEw9ZTVEiPBQ\\\"\",\n  \"date\": \"Tue, 26 Mar 2024 15:13:06 GMT\",\n  \"connection\": \"keep-alive\",\n  \"keep-alive\": \"timeout=5\"\n}\nBody: {\n  \"errors\": {\n    \"password\": \"can't be blank\"\n  }\n}\n\n\nhttps://on.cypress.io/request\n    at <unknown> (http://localhost:3000/__cypress/runner/cypress_runner.js:133123:72)\n    at tryCatcher (http://localhost:3000/__cypress/runner/cypress_runner.js:1807:23)\n    at Promise._settlePromiseFromHandler (http://localhost:3000/__cypress/runner/cypress_runner.js:1519:31)\n    at Promise._settlePromise (http://localhost:3000/__cypress/runner/cypress_runner.js:1576:18)\n    at Promise._settlePromise0 (http://localhost:3000/__cypress/runner/cypress_runner.js:1621:10)\n    at Promise._settlePromises (http://localhost:3000/__cypress/runner/cypress_runner.js:1701:18)\n    at _drainQueueStep (http://localhost:3000/__cypress/runner/cypress_runner.js:2407:12)\n    at _drainQueue (http://localhost:3000/__cypress/runner/cypress_runner.js:2400:9)\n    at Async._drainQueues (http://localhost:3000/__cypress/runner/cypress_runner.js:2416:5)\n    at Async.drainQueues (http://localhost:3000/__cypress/runner/cypress_runner.js:2286:14)\nFrom Your Spec Code:\n    at RestClient.sendPostRequest (webpack://sample-cypress-project2/./cypress/support/restClient.js:14:18)\n    at LoginApi.loginToApplication (webpack://sample-cypress-project2/./cypress/api/loginapi.js:21:29)\n    at Context.eval (webpack://sample-cypress-project2/./cypress/e2e/conduitApiTests/conduitApp.cy.js:33:17)",
                "diff": null
              },
              "uuid": "49863d53-50ac-4d96-a90e-057e86d6da56",
              "parentUUID": "1a0d9aad-7466-4320-9b60-148b225765c0",
              "isHook": false,
              "skipped": false
            },
            {
              "title": "Add Article",
              "fullTitle": "API Testing Add Article",
              "timedOut": null,
              "duration": 39,
              "state": "passed",
              "speed": "fast",
              "pass": true,
              "fail": false,
              "pending": false,
              "context": null,
              "code": "",
              "err": {},
              "uuid": "57f06fa7-aa9c-43b8-868b-5366e5dbc500",
              "parentUUID": "1a0d9aad-7466-4320-9b60-148b225765c0",
              "isHook": false,
              "skipped": false
            }
          ],
          "suites": [],
          "passes": [
            "94c0c514-d073-4ff9-94cf-15e3b9d2f71e",
            "57f06fa7-aa9c-43b8-868b-5366e5dbc500"
          ],
          "failures": [
            "49863d53-50ac-4d96-a90e-057e86d6da56"
          ],
          "pending": [],
          "skipped": [],
          "duration": 349,
          "root": false,
          "rootEmpty": false,
          "_timeout": 2000
        }
      ],
      "passes": [],
      "failures": [],
      "pending": [],
      "skipped": [],
      "duration": 0,
      "root": true,
      "rootEmpty": true,
      "_timeout": 2000
    }
  ],
  "meta": {
    "mocha": {
      "version": "7.0.1"
    },
    "mochawesome": {
      "options": {
        "quiet": false,
        "reportFilename": "mochawesome",
        "saveHtml": true,
        "saveJson": true,
        "consoleReporter": "spec",
        "useInlineDiffs": false,
        "code": true
      },
      "version": "7.1.3"
    },
    "marge": {
      "options": {
        "reportDir": "cypress/results",
        "overwrite": false,
        "html": true,
        "json": true
      },
      "version": "6.2.0"
    }
  }
}