{
  "stats": {
    "suites": 1,
    "tests": 1,
    "passes": 1,
    "pending": 0,
    "failures": 0,
    "start": "2024-03-26T15:13:09.425Z",
    "end": "2024-03-26T15:13:16.272Z",
    "duration": 6847,
    "testsRegistered": 1,
    "passPercent": 100,
    "pendingPercent": 0,
    "other": 0,
    "hasOther": false,
    "skipped": 0,
    "hasSkipped": false
  },
  "results": [
    {
      "uuid": "b142d7e7-4f4f-4df4-a2eb-1f9089cf91e9",
      "title": "",
      "fullFile": "cypress/e2e/dragNDropNIframe/dragndrop.cy.js",
      "file": "cypress/e2e/dragNDropNIframe/dragndrop.cy.js",
      "beforeHooks": [],
      "afterHooks": [],
      "tests": [],
      "suites": [
        {
          "uuid": "4d68bc61-f986-4b52-8558-df85424e37ec",
          "title": "Iframe and Mouse Handling",
          "fullFile": "",
          "file": "",
          "beforeHooks": [],
          "afterHooks": [],
          "tests": [
            {
              "title": "Drag and Drop with IFrame",
              "fullTitle": "Iframe and Mouse Handling Drag and Drop with IFrame",
              "timedOut": null,
              "duration": 3704,
              "state": "passed",
              "speed": "fast",
              "pass": true,
              "fail": false,
              "pending": false,
              "context": null,
              "code": "cy.get(\".demo-frame\").then(function (frame) {\n  const frameBody = frame.contents().find(\"body\");\n  cy.wrap(frameBody).find(\"#draggable\").as(\"draggable\");\n  cy.wrap(frameBody).find(\"#droppable\").as(\"droppable\");\n});\ncy.get(\"@draggable\").trigger(\"mousedown\", {\n  button: 0\n});\ncy.wait(2000);\ncy.get(\"@droppable\").trigger(\"mousemove\").trigger(\"mouseup\", {\n  force: true\n});\ncy.get(\"@droppable\").then(function (element) {\n  cy.log(element.text());\n});",
              "err": {},
              "uuid": "43436e09-19cb-40ef-a1ba-6b2f49a00336",
              "parentUUID": "4d68bc61-f986-4b52-8558-df85424e37ec",
              "isHook": false,
              "skipped": false
            }
          ],
          "suites": [],
          "passes": [
            "43436e09-19cb-40ef-a1ba-6b2f49a00336"
          ],
          "failures": [],
          "pending": [],
          "skipped": [],
          "duration": 3704,
          "root": false,
          "rootEmpty": false,
          "_timeout": 2000
        }
      ],
      "passes": [],
      "failures": [],
      "pending": [],
      "skipped": [],
      "duration": 0,
      "root": true,
      "rootEmpty": true,
      "_timeout": 2000
    }
  ],
  "meta": {
    "mocha": {
      "version": "7.0.1"
    },
    "mochawesome": {
      "options": {
        "quiet": false,
        "reportFilename": "mochawesome",
        "saveHtml": true,
        "saveJson": true,
        "consoleReporter": "spec",
        "useInlineDiffs": false,
        "code": true
      },
      "version": "7.1.3"
    },
    "marge": {
      "options": {
        "reportDir": "cypress/results",
        "overwrite": false,
        "html": true,
        "json": true
      },
      "version": "6.2.0"
    }
  }
}