{
  "stats": {
    "suites": 1,
    "tests": 1,
    "passes": 0,
    "pending": 0,
    "failures": 1,
    "start": "2024-03-26T15:12:27.202Z",
    "end": "2024-03-26T15:12:50.209Z",
    "duration": 23007,
    "testsRegistered": 1,
    "passPercent": 0,
    "pendingPercent": 0,
    "other": 0,
    "hasOther": false,
    "skipped": 0,
    "hasSkipped": false
  },
  "results": [
    {
      "uuid": "5c867c01-9489-4536-b549-251c8f8e0840",
      "title": "",
      "fullFile": "cypress/e2e/amazon-assignment/amazon.cy.js",
      "file": "cypress/e2e/amazon-assignment/amazon.cy.js",
      "beforeHooks": [],
      "afterHooks": [],
      "tests": [],
      "suites": [
        {
          "uuid": "e202b1ab-2186-4ce6-b5a1-127e215fbb6e",
          "title": "Verify search Product test cases",
          "fullFile": "",
          "file": "",
          "beforeHooks": [],
          "afterHooks": [],
          "tests": [
            {
              "title": "Verify Search Product Test",
              "fullTitle": "Verify search Product test cases Verify Search Product Test",
              "timedOut": null,
              "duration": 19042,
              "state": "failed",
              "speed": null,
              "pass": false,
              "fail": true,
              "pending": false,
              "context": null,
              "code": "//Search Product\ncy.get(\"#searchDropdownBox\").scrollIntoView().select(\"Electronics\", {\n  force: true\n});\ncy.get(\"#twotabsearchtextbox\").type(\"Apple Watch\");\ncy.get(\"#nav-search-submit-button\").click();\ncy.get(\"div[data-component-type='s-search-result']\").as('allProductItems');\n//Assertion to verify the number of products in the product list\ncy.get(\"@allProductItems\").should(\"have.length\", 27);\n//Getting nth product\ncy.get(\"@allProductItems\").eq(5).invoke('text').then(productDetails => {\n  expect(productDetails).to.contain(\"Apple Watch\");\n});\ncy.get(\"@allProductItems\").eq(5).invoke('text').then(productDetails => {\n  cy.log(productDetails);\n});\n//Get all products from the list\ncy.get(\"@allProductItems\").each(($el, index, $list) => {\n  cy.wrap($el).scrollIntoView();\n  cy.wait(500);\n  cy.log(\"Index : \" + index + \" and the product details are - \" + $el.text());\n});\n// Select the Nth product\ncy.get(\"@allProductItems\").eq(5).click();",
              "err": {
                "message": "AssertionError: Timed out retrying after 4000ms: Not enough elements found. Found '24', expected '27'.",
                "estack": "AssertionError: Timed out retrying after 4000ms: Not enough elements found. Found '24', expected '27'.\n    at Context.eval (webpack://sample-cypress-project2/./cypress/e2e/amazon-assignment/amazon.cy.js:19:35)",
                "diff": "- 24\n+ 27\n"
              },
              "uuid": "b71abffe-3599-419d-abeb-29127a67ff0b",
              "parentUUID": "e202b1ab-2186-4ce6-b5a1-127e215fbb6e",
              "isHook": false,
              "skipped": false
            }
          ],
          "suites": [],
          "passes": [],
          "failures": [
            "b71abffe-3599-419d-abeb-29127a67ff0b"
          ],
          "pending": [],
          "skipped": [],
          "duration": 19042,
          "root": false,
          "rootEmpty": false,
          "_timeout": 2000
        }
      ],
      "passes": [],
      "failures": [],
      "pending": [],
      "skipped": [],
      "duration": 0,
      "root": true,
      "rootEmpty": true,
      "_timeout": 2000
    }
  ],
  "meta": {
    "mocha": {
      "version": "7.0.1"
    },
    "mochawesome": {
      "options": {
        "quiet": false,
        "reportFilename": "mochawesome",
        "saveHtml": true,
        "saveJson": true,
        "consoleReporter": "spec",
        "useInlineDiffs": false,
        "code": true
      },
      "version": "7.1.3"
    },
    "marge": {
      "options": {
        "reportDir": "cypress/results",
        "overwrite": false,
        "html": true,
        "json": true
      },
      "version": "6.2.0"
    }
  }
}